2026-04-28 20:53:34,935 INFO o.a.j.u.JMeterUtils: Setting Locale to en_EN
2026-04-28 20:53:34,954 INFO o.a.j.JMeter: Loading user properties from: /opt/homebrew/Cellar/jmeter/5.6.3/libexec/bin/user.properties
2026-04-28 20:53:34,954 INFO o.a.j.JMeter: Loading system properties from: /opt/homebrew/Cellar/jmeter/5.6.3/libexec/bin/system.properties
2026-04-28 20:53:34,957 INFO o.a.j.JMeter: Copyright (c) 1998-2024 The Apache Software Foundation
2026-04-28 20:53:34,957 INFO o.a.j.JMeter: Version 5.6.3
2026-04-28 20:53:34,957 INFO o.a.j.JMeter: java.version=21.0.11
2026-04-28 20:53:34,957 INFO o.a.j.JMeter: java.vm.name=OpenJDK 64-Bit Server VM
2026-04-28 20:53:34,957 INFO o.a.j.JMeter: os.name=Mac OS X
2026-04-28 20:53:34,957 INFO o.a.j.JMeter: os.arch=aarch64
2026-04-28 20:53:34,957 INFO o.a.j.JMeter: os.version=26.0.1
2026-04-28 20:53:34,957 INFO o.a.j.JMeter: file.encoding=UTF-8
2026-04-28 20:53:34,957 INFO o.a.j.JMeter: java.awt.headless=true
2026-04-28 20:53:34,957 INFO o.a.j.JMeter: Max memory     =1073741824
2026-04-28 20:53:34,957 INFO o.a.j.JMeter: Available Processors =8
2026-04-28 20:53:34,963 INFO o.a.j.JMeter: Default Locale=English (EN)
2026-04-28 20:53:34,963 INFO o.a.j.JMeter: JMeter  Locale=English (EN)
2026-04-28 20:53:34,963 INFO o.a.j.JMeter: JMeterHome=/opt/homebrew/Cellar/jmeter/5.6.3/libexec
2026-04-28 20:53:34,963 INFO o.a.j.JMeter: user.dir  =/Users/Sabina_1/Desktop/advprog-module7/jmeter
2026-04-28 20:53:34,964 INFO o.a.j.JMeter: PWD       =/Users/Sabina_1/Desktop/advprog-module7/jmeter
2026-04-28 20:53:34,966 INFO o.a.j.JMeter: IP: 127.0.0.1 Name: Sabinas-MacBook-Pro-4.local FullName: localhost
2026-04-28 20:53:34,977 INFO o.a.j.s.FileServer: Default base='/Users/Sabina_1/Desktop/advprog-module7/jmeter'
2026-04-28 20:53:34,978 INFO o.a.j.s.FileServer: Set new base='/Users/Sabina_1/Desktop/advprog-module7/jmeter'
2026-04-28 20:53:35,075 INFO o.a.j.s.SaveService: Testplan (JMX) version: 2.2. Testlog (JTL) version: 2.2
2026-04-28 20:53:35,094 INFO o.a.j.s.SaveService: Using SaveService properties version 5.0
2026-04-28 20:53:35,095 INFO o.a.j.s.SaveService: Using SaveService properties file encoding UTF-8
2026-04-28 20:53:35,096 INFO o.a.j.s.SaveService: Loading file: test_plan_3.jmx
2026-04-28 20:53:35,126 INFO o.a.j.p.h.s.HTTPSamplerBase: Parser for text/html is org.apache.jmeter.protocol.http.parser.LagartoBasedHtmlParser
2026-04-28 20:53:35,126 INFO o.a.j.p.h.s.HTTPSamplerBase: Parser for application/xhtml+xml is org.apache.jmeter.protocol.http.parser.LagartoBasedHtmlParser
2026-04-28 20:53:35,126 INFO o.a.j.p.h.s.HTTPSamplerBase: Parser for application/xml is org.apache.jmeter.protocol.http.parser.LagartoBasedHtmlParser
2026-04-28 20:53:35,126 INFO o.a.j.p.h.s.HTTPSamplerBase: Parser for text/xml is org.apache.jmeter.protocol.http.parser.LagartoBasedHtmlParser
2026-04-28 20:53:35,126 INFO o.a.j.p.h.s.HTTPSamplerBase: Parser for text/vnd.wap.wml is org.apache.jmeter.protocol.http.parser.RegexpHTMLParser
2026-04-28 20:53:35,126 INFO o.a.j.p.h.s.HTTPSamplerBase: Parser for text/css is org.apache.jmeter.protocol.http.parser.CssParser
2026-04-28 20:53:35,139 INFO o.a.j.JMeter: Creating summariser <summary>
2026-04-28 20:53:35,146 INFO o.a.j.e.StandardJMeterEngine: Running the test!
2026-04-28 20:53:35,146 INFO o.a.j.s.SampleEvent: List of sample_variables: []
2026-04-28 20:53:35,146 INFO o.a.j.s.SampleEvent: List of sample_variables: []
2026-04-28 20:53:35,149 INFO o.a.j.e.u.CompoundVariable: Note: Function class names must contain the string: '.functions.'
2026-04-28 20:53:35,149 INFO o.a.j.e.u.CompoundVariable: Note: Function class names must not contain the string: '.gui.'
2026-04-28 20:53:35,180 INFO o.a.j.r.ClassFinder: Will scan jar /opt/homebrew/Cellar/jmeter/5.6.3/libexec/lib/ext/jmeter-plugins-manager-1.9.jar with filter ExtendsClassFilter [parents=[interface org.apache.jmeter.functions.Function], inner=false, contains=null, notContains=null]. Consider exposing JMeter plugins via META-INF/services, and add JMeter-Skip-Class-Scanning=true manifest attribute so JMeter can skip classfile scanning
2026-04-28 20:53:35,232 INFO o.a.j.JMeter: Running test (1777384415232)
2026-04-28 20:53:35,241 INFO o.a.j.e.StandardJMeterEngine: Starting ThreadGroup: 1 : Thread Group 1
2026-04-28 20:53:35,241 INFO o.a.j.e.StandardJMeterEngine: Starting 10 threads for group Thread Group 1.
2026-04-28 20:53:35,241 INFO o.a.j.e.StandardJMeterEngine: Thread will continue on error
2026-04-28 20:53:35,241 INFO o.a.j.t.ThreadGroup: Starting thread group... number=1 threads=10 ramp-up=1 delayedStart=false
2026-04-28 20:53:35,243 INFO o.a.j.t.JMeterThread: Thread started: Thread Group 1 1-1
2026-04-28 20:53:35,244 INFO o.a.j.t.ThreadGroup: Started thread group number 1
2026-04-28 20:53:35,244 INFO o.a.j.e.StandardJMeterEngine: All thread groups have been started
2026-04-28 20:53:35,255 INFO o.a.j.p.h.s.HTTPHCAbstractImpl: Local host = Sabinas-MacBook-Pro-4.local
2026-04-28 20:53:35,257 INFO o.a.j.p.h.s.HTTPHC4Impl: HTTP request retry count = 0
2026-04-28 20:53:35,258 INFO o.a.j.s.SampleResult: Note: Sample TimeStamps are START times
2026-04-28 20:53:35,258 INFO o.a.j.s.SampleResult: sampleresult.default.encoding is set to UTF-8
2026-04-28 20:53:35,258 INFO o.a.j.s.SampleResult: sampleresult.useNanoTime=true
2026-04-28 20:53:35,258 INFO o.a.j.s.SampleResult: sampleresult.nanoThreadSleep=5000
2026-04-28 20:53:35,345 INFO o.a.j.t.JMeterThread: Thread started: Thread Group 1 1-2
2026-04-28 20:53:35,361 INFO o.a.j.r.Summariser: summary +      1 in 00:00:00 =    7.8/s Avg:    72 Min:    72 Max:    72 Err:     0 (0.00%) Active: 2 Started: 2 Finished: 0
2026-04-28 20:53:35,362 INFO o.a.j.t.JMeterThread: Thread is done: Thread Group 1 1-1
2026-04-28 20:53:35,362 INFO o.a.j.t.JMeterThread: Thread finished: Thread Group 1 1-1
2026-04-28 20:53:35,368 INFO o.a.j.t.JMeterThread: Thread is done: Thread Group 1 1-2
2026-04-28 20:53:35,368 INFO o.a.j.t.JMeterThread: Thread finished: Thread Group 1 1-2
2026-04-28 20:53:35,444 INFO o.a.j.t.JMeterThread: Thread started: Thread Group 1 1-3
2026-04-28 20:53:35,467 INFO o.a.j.t.JMeterThread: Thread is done: Thread Group 1 1-3
2026-04-28 20:53:35,467 INFO o.a.j.t.JMeterThread: Thread finished: Thread Group 1 1-3
2026-04-28 20:53:35,547 INFO o.a.j.t.JMeterThread: Thread started: Thread Group 1 1-4
2026-04-28 20:53:35,574 INFO o.a.j.t.JMeterThread: Thread is done: Thread Group 1 1-4
2026-04-28 20:53:35,574 INFO o.a.j.t.JMeterThread: Thread finished: Thread Group 1 1-4
2026-04-28 20:53:35,644 INFO o.a.j.t.JMeterThread: Thread started: Thread Group 1 1-5
2026-04-28 20:53:35,672 INFO o.a.j.t.JMeterThread: Thread is done: Thread Group 1 1-5
2026-04-28 20:53:35,672 INFO o.a.j.t.JMeterThread: Thread finished: Thread Group 1 1-5
2026-04-28 20:53:35,747 INFO o.a.j.t.JMeterThread: Thread started: Thread Group 1 1-6
2026-04-28 20:53:35,776 INFO o.a.j.t.JMeterThread: Thread is done: Thread Group 1 1-6
2026-04-28 20:53:35,776 INFO o.a.j.t.JMeterThread: Thread finished: Thread Group 1 1-6
2026-04-28 20:53:35,845 INFO o.a.j.t.JMeterThread: Thread started: Thread Group 1 1-7
2026-04-28 20:53:35,875 INFO o.a.j.t.JMeterThread: Thread is done: Thread Group 1 1-7
2026-04-28 20:53:35,875 INFO o.a.j.t.JMeterThread: Thread finished: Thread Group 1 1-7
2026-04-28 20:53:35,946 INFO o.a.j.t.JMeterThread: Thread started: Thread Group 1 1-8
2026-04-28 20:53:35,977 INFO o.a.j.t.JMeterThread: Thread is done: Thread Group 1 1-8
2026-04-28 20:53:35,977 INFO o.a.j.t.JMeterThread: Thread finished: Thread Group 1 1-8
2026-04-28 20:53:36,046 INFO o.a.j.t.JMeterThread: Thread started: Thread Group 1 1-9
2026-04-28 20:53:36,075 INFO o.a.j.t.JMeterThread: Thread is done: Thread Group 1 1-9
2026-04-28 20:53:36,075 INFO o.a.j.t.JMeterThread: Thread finished: Thread Group 1 1-9
2026-04-28 20:53:36,145 INFO o.a.j.t.JMeterThread: Thread started: Thread Group 1 1-10
2026-04-28 20:53:36,183 INFO o.a.j.t.JMeterThread: Thread is done: Thread Group 1 1-10
2026-04-28 20:53:36,183 INFO o.a.j.t.JMeterThread: Thread finished: Thread Group 1 1-10
2026-04-28 20:53:36,183 INFO o.a.j.e.StandardJMeterEngine: Notifying test listeners of end of test
2026-04-28 20:53:36,184 INFO o.a.j.r.Summariser: summary +      9 in 00:00:01 =   10.9/s Avg:    27 Min:    22 Max:    37 Err:     0 (0.00%) Active: 0 Started: 10 Finished: 10
2026-04-28 20:53:36,184 INFO o.a.j.r.Summariser: summary =     10 in 00:00:01 =   10.5/s Avg:    32 Min:    22 Max:    72 Err:     0 (0.00%)
